#
# A fatal error has been detected by the Java Runtime Environment:
#
#  SIGSEGV (0xb) at pc=0x000000012b0c9561, pid=16198, tid=1811
#
# JRE version: Java(TM) SE Runtime Environment (8.0_51-b16) (build 1.8.0_51-b16)
# Java VM: Java HotSpot(TM) 64-Bit Server VM (25.51-b03 mixed mode bsd-amd64 compressed oops)
# Problematic frame:
# C  [libglass.dylib+0x15561]  GlassScreenDidChangeScreenParameters+0x21
#
# Failed to write core dump. Core dumps have been disabled. To enable core dumping, try "ulimit -c unlimited" before starting Java again
#
# If you would like to submit a bug report, please visit:
#   http://bugreport.java.com/bugreport/crash.jsp
#

---------------  T H R E A D  ---------------

Current thread is native thread

siginfo: si_signo: 11 (SIGSEGV), si_code: 1 (SEGV_MAPERR), si_addr: 0x0000000000000000

Registers:
RAX=0x000000012b0fbac8, RBX=0x0000000000000000, RCX=0x5500a85218f000a0, RDX=0x00007fff7b0d51f8
RSP=0x00007fff55785150, RBP=0x00007fff55785160, RSI=0x00007fc4d960e6e0, RDI=0x0000000000000000
R8 =0x00007fff55785000, R9 =0x00007fff7a7b9300, R10=0x0000000000000000, R11=0x0000000000000246
R12=0x00007fc4d941e150, R13=0x00000000000f426b, R14=0x00007fc4d97818f0, R15=0x00007fff557852a0
RIP=0x000000012b0c9561, EFLAGS=0x0000000000010246, ERR=0x0000000000000004
  TRAPNO=0x000000000000000e

Top of Stack: (sp=0x00007fff55785150)
0x00007fff55785150:   00007fff55785330 00007fc4d97818f0
0x00007fff55785160:   00007fff55785170 00007fff9540345c
0x00007fff55785170:   00007fff557854d0 00007fff952f3634
0x00007fff55785180:   00007fff557851d0 0000000000001e00
0x00007fff55785190:   00007fff7afe5ed0 00007fc4d9761e70
0x00007fff557851a0:   0000000000001003 0000000000000270
0x00007fff557851b0:   00007fc4d9761e70 00007fc4d97818f0
0x00007fff557851c0:   0000000000000000 00007fff557852a0
0x00007fff557851d0:   0000000000000000 00007fc4d9781a90
0x00007fff557851e0:   00007fff55785320 000000000000001a
0x00007fff557851f0:   00000000000f4289 00007fc4db802db0
0x00007fff55785200:   00007fc4d943bc70 00007fc4d941e150
0x00007fff55785210:   0000000000000001 00000000000f426b
0x00007fff55785220:   00007fc4d941e140 00007fff8e5f2b90
0x00007fff55785230:   0000000000000001 0000000000000001
0x00007fff55785240:   0000000000000030 0000000000000001
0x00007fff55785250:   00007fff55785270 00007fff8e5f3546
0x00007fff55785260:   00007fff7afe3fb0 0000000000000000
0x00007fff55785270:   00007fff55785290 0000000000000000
0x00007fff55785280:   000032038e5f0dd2 00007fc4d941e174
0x00007fff55785290:   0000000000000000 00007fff952e910f
0x00007fff557852a0:   00007fc4d97818f0 00007fff7afe3fb0
0x00007fff557852b0:   00007fff55785330 0000000000000002
0x00007fff557852c0:   00007fff55785300 00007fff8e5f0dd2
0x00007fff557852d0:   000000010a496a00 0000000000000002
0x00007fff557852e0:   000000010a493000 00007fc4db801882
0x00007fff557852f0:   0000000000000003 000000010a498800
0x00007fff55785300:   00007fff557853f0 00007fff8e5efb36
0x00007fff55785310:   00007fc4d943b8f0 00007fff557854d8
0x00007fff55785320:   0000000000000017 0000000000000000
0x00007fff55785330:   00000000000f426b 00007fff952e9403
0x00007fff55785340:   00007fff00000000 00007fc4d9547dd0 

Instructions: (pc=0x000000012b0c9561)
0x000000012b0c9541:   48 89 e5 41 56 53 48 8d 05 72 26 03 00 48 83 38
0x000000012b0c9551:   00 48 89 fb 75 72 48 8d 05 6a 25 03 00 48 8b 30
0x000000012b0c9561:   48 8b 03 48 8d 15 74 9a 01 00 48 8d 0d 2e 70 01
0x000000012b0c9571:   00 48 89 df ff 90 88 03 00 00 48 8d 0d 3e 26 03 

Register to memory mapping:

RAX=0x000000012b0fbac8: jScreenClass+0 in /Library/Java/JavaVirtualMachines/jdk1.8.0_51.jdk/Contents/Home/jre/lib/libglass.dylib at 0x000000012b0b4000
RBX=0x0000000000000000 is an unknown value
RCX=0x5500a85218f000a0 is an unknown value
RDX=0x00007fff7b0d51f8: __sFX+0x1c8 in /usr/lib/system/libsystem_c.dylib at 0x00007fff95f2a000
RSP=0x00007fff55785150 is an unknown value
RBP=0x00007fff55785160 is an unknown value
RSI=0x00007fc4d960e6e0 is a global jni handle
RDI=0x0000000000000000 is an unknown value
R8 =0x00007fff55785000 is an unknown value
R9 =0x00007fff7a7b9300: _thread+0 in /usr/lib/system/libsystem_pthread.dylib at 0x00007fff91388000
R10=0x0000000000000000 is an unknown value
R11=0x0000000000000246 is an unknown value
R12=0x00007fc4d941e150 is an unknown value
R13=0x00000000000f426b is an unknown value
R14=0x00007fc4d97818f0 is an unknown value
R15=0x00007fff557852a0 is an unknown value


Stack: [0x00007fff54f88000,0x00007fff55788000],  sp=0x00007fff55785150,  free space=8180k
Native frames: (J=compiled Java code, j=interpreted, Vv=VM code, C=native code)
C  [libglass.dylib+0x15561]  GlassScreenDidChangeScreenParameters+0x21
C  [CoreFoundation+0x12045c]  __CFNOTIFICATIONCENTER_IS_CALLING_OUT_TO_AN_OBSERVER__+0xc
C  [CoreFoundation+0x10634]  _CFXNotificationPost+0xc44
C  [Foundation+0x7aa1]  -[NSNotificationCenter postNotificationName:object:userInfo:]+0x42
C  [AppKit+0x40de7e]  -[NSApplication _reactToScreenInvalidationImmediately:]+0x17b
C  [AppKit+0x40dcc7]  __44-[NSApplication _reactToScreenInvalidation:]_block_invoke+0x4b
C  [CoreFoundation+0x808ec]  __CFRUNLOOP_IS_CALLING_OUT_TO_A_BLOCK__+0xc
C  [CoreFoundation+0x729f5]  __CFRunLoopDoBlocks+0x155
C  [CoreFoundation+0x72536]  __CFRunLoopRun+0x716
C  [CoreFoundation+0x71bd8]  CFRunLoopRunSpecific+0x128
C  [java+0x6463]  CreateExecutionEnvironment+0x367
C  [java+0x21ac]  JLI_Launch+0x7a0
C  [java+0x84c0]  main+0x65
C  [java+0x1a04]  start+0x34


---------------  P R O C E S S  ---------------

VM state:at safepoint (normal execution)

VM Mutex/Monitor currently owned by a thread:  ([mutex/lock_event])
[0x00007fc4d9413fc0] Threads_lock - owner thread: 0x00007fc4da024000

Heap:
 PSYoungGen      total 76288K, used 17489K [0x000000076ab00000, 0x0000000770000000, 0x00000007c0000000)
  eden space 65536K, 26% used [0x000000076ab00000,0x000000076bc14650,0x000000076eb00000)
  from space 10752K, 0% used [0x000000076f580000,0x000000076f580000,0x0000000770000000)
  to   space 10752K, 0% used [0x000000076eb00000,0x000000076eb00000,0x000000076f580000)
 ParOldGen       total 175104K, used 0K [0x00000006c0000000, 0x00000006cab00000, 0x000000076ab00000)
  object space 175104K, 0% used [0x00000006c0000000,0x00000006c0000000,0x00000006cab00000)
 Metaspace       used 7340K, capacity 7576K, committed 7680K, reserved 1056768K
  class space    used 873K, capacity 965K, committed 1024K, reserved 1048576K

Card table byte_map: [0x000000011ba2c000,0x000000011c22d000] byte_map_base: 0x000000011842c000

Marking Bits: (ParMarkBitMap*) 0x000000010bec27a0
 Begin Bits: [0x000000011cf9b000, 0x0000000120f9b000)
 End Bits:   [0x0000000120f9b000, 0x0000000124f9b000)

Polling page: 0x000000010a5d1000

CodeCache: size=245760Kb used=2195Kb max_used=2195Kb free=243564Kb
 bounds [0x000000010c66c000, 0x000000010c8dc000, 0x000000011b66c000]
 total_blobs=911 nmethods=523 adapters=302
 compilation: enabled

Compilation events (10 events):
Event: 0.528 Thread 0x00007fc4dc025800  517       3       java.util.StringTokenizer::skipDelimiters (116 bytes)
Event: 0.528 Thread 0x00007fc4dc025800 nmethod 517 0x000000010c88f190 code [0x000000010c88f3a0, 0x000000010c88ff38]
Event: 0.528 Thread 0x00007fc4dc025800  519       3       java.lang.String::lastIndexOf (11 bytes)
Event: 0.529 Thread 0x00007fc4dc025800 nmethod 519 0x000000010c88c510 code [0x000000010c88c680, 0x000000010c88c928]
Event: 0.529 Thread 0x00007fc4dc025800  521       3       java.net.URLClassLoader$1::run (5 bytes)
Event: 0.529 Thread 0x00007fc4dc025800 nmethod 521 0x000000010c88c150 code [0x000000010c88c2c0, 0x000000010c88c468]
Event: 0.529 Thread 0x00007fc4dc025800  522   !   3       java.net.URLClassLoader$1::run (63 bytes)
Event: 0.529 Thread 0x00007fc4dc025800 nmethod 522 0x000000010c8903d0 code [0x000000010c8905a0, 0x000000010c890ae8]
Event: 0.529 Thread 0x00007fc4dc025800  523       1       java.util.HashMap::afterNodeInsertion (1 bytes)
Event: 0.529 Thread 0x00007fc4dc025800 nmethod 523 0x000000010c88be90 code [0x000000010c88bfe0, 0x000000010c88c0f0]

GC Heap History (0 events):
No events

Deoptimization events (1 events):
Event: 0.501 Thread 0x00007fc4da905000 Uncommon trap: reason=unstable_if action=reinterpret pc=0x000000010c81da74 method=java.lang.String.replace(CC)Ljava/lang/String; @ 2

Internal exceptions (10 events):
Event: 0.124 Thread 0x00007fc4d9808000 Exception <a 'java/security/PrivilegedActionException'> (0x000000076abe43f8) thrown at [/Users/java_re/workspace/8-2-build-macosx-x86_64/jdk8u51/3951/hotspot/src/share/vm/prims/jvm.cpp, line 1382]
Event: 0.180 Thread 0x00007fc4d9808000 Exception <a 'java/lang/NoSuchFieldError': method resolution failed> (0x000000076af8ce18) thrown at [/Users/java_re/workspace/8-2-build-macosx-x86_64/jdk8u51/3951/hotspot/src/share/vm/prims/methodHandles.cpp, line 1125]
Event: 0.182 Thread 0x00007fc4d9808000 Exception <a 'java/lang/NoSuchFieldError': method resolution failed> (0x000000076af9b4e8) thrown at [/Users/java_re/workspace/8-2-build-macosx-x86_64/jdk8u51/3951/hotspot/src/share/vm/prims/methodHandles.cpp, line 1125]
Event: 0.199 Thread 0x00007fc4d9808000 Exception <a 'java/security/PrivilegedActionException'> (0x000000076b027970) thrown at [/Users/java_re/workspace/8-2-build-macosx-x86_64/jdk8u51/3951/hotspot/src/share/vm/prims/jvm.cpp, line 1382]
Event: 0.199 Thread 0x00007fc4d9808000 Exception <a 'java/security/PrivilegedActionException'> (0x000000076b027b28) thrown at [/Users/java_re/workspace/8-2-build-macosx-x86_64/jdk8u51/3951/hotspot/src/share/vm/prims/jvm.cpp, line 1382]
Event: 0.200 Thread 0x00007fc4d9808000 Exception <a 'java/security/PrivilegedActionException'> (0x000000076b02ad18) thrown at [/Users/java_re/workspace/8-2-build-macosx-x86_64/jdk8u51/3951/hotspot/src/share/vm/prims/jvm.cpp, line 1382]
Event: 0.200 Thread 0x00007fc4d9808000 Exception <a 'java/security/PrivilegedActionException'> (0x000000076b02aed0) thrown at [/Users/java_re/workspace/8-2-build-macosx-x86_64/jdk8u51/3951/hotspot/src/share/vm/prims/jvm.cpp, line 1382]
Event: 0.200 Thread 0x00007fc4d9808000 Exception <a 'java/lang/NullPointerException'> (0x000000076b02c7f0) thrown at [/Users/java_re/workspace/8-2-build-macosx-x86_64/jdk8u51/3951/hotspot/src/share/vm/interpreter/linkResolver.cpp, line 1178]
Event: 0.503 Thread 0x00007fc4da905000 Exception <a 'java/io/FileNotFoundException'> (0x000000076ba42580) thrown at [/Users/java_re/workspace/8-2-build-macosx-x86_64/jdk8u51/3951/hotspot/src/share/vm/prims/jni.cpp, line 709]
Event: 0.510 Thread 0x00007fc4d9808000 Exception <a 'java/lang/reflect/InvocationTargetException'> (0x000000076b279db8) thrown at [/Users/java_re/workspace/8-2-build-macosx-x86_64/jdk8u51/3951/hotspot/src/share/vm/runtime/reflection.cpp, line 1080]

Events (10 events):
Event: 0.531 loading class java/util/Formatter$Flags done
Event: 0.531 loading class java/util/Formatter$Conversion
Event: 0.531 loading class java/util/Formatter$Conversion done
Event: 0.531 loading class java/util/Formattable
Event: 0.531 loading class java/util/Formattable done
Event: 0.531 loading class java/util/IdentityHashMap$KeyIterator
Event: 0.531 loading class java/util/IdentityHashMap$IdentityHashMapIterator
Event: 0.531 loading class java/util/IdentityHashMap$IdentityHashMapIterator done
Event: 0.531 loading class java/util/IdentityHashMap$KeyIterator done
Event: 0.532 Executing VM operation: Exit


Dynamic libraries:
0x0000000009065000 	/System/Library/Frameworks/Cocoa.framework/Versions/A/Cocoa
0x0000000009065000 	/System/Library/Frameworks/Security.framework/Versions/A/Security
0x0000000009065000 	/System/Library/Frameworks/ApplicationServices.framework/Versions/A/ApplicationServices
0x0000000009065000 	/usr/lib/libz.1.dylib
0x0000000009065000 	/usr/lib/libSystem.B.dylib
0x0000000009065000 	/usr/lib/libobjc.A.dylib
0x0000000009065000 	/System/Library/Frameworks/CoreFoundation.framework/Versions/A/CoreFoundation
0x0000000009065000 	/System/Library/Frameworks/Foundation.framework/Versions/C/Foundation
0x0000000009065000 	/System/Library/Frameworks/AppKit.framework/Versions/C/AppKit
0x0000000009065000 	/System/Library/Frameworks/CoreData.framework/Versions/A/CoreData
0x0000000009065000 	/System/Library/PrivateFrameworks/RemoteViewServices.framework/Versions/A/RemoteViewServices
0x0000000009065000 	/System/Library/PrivateFrameworks/UIFoundation.framework/Versions/A/UIFoundation
0x0000000009065000 	/System/Library/Frameworks/IOSurface.framework/Versions/A/IOSurface
0x0000000009065000 	/System/Library/Frameworks/AudioToolbox.framework/Versions/A/AudioToolbox
0x0000000009065000 	/System/Library/Frameworks/AudioUnit.framework/Versions/A/AudioUnit
0x0000000009065000 	/System/Library/PrivateFrameworks/DataDetectorsCore.framework/Versions/A/DataDetectorsCore
0x0000000009065000 	/System/Library/PrivateFrameworks/DesktopServicesPriv.framework/Versions/A/DesktopServicesPriv
0x0000000009065000 	/System/Library/Frameworks/Carbon.framework/Versions/A/Frameworks/HIToolbox.framework/Versions/A/HIToolbox
0x0000000009065000 	/System/Library/Frameworks/QuartzCore.framework/Versions/A/QuartzCore
0x0000000009065000 	/System/Library/Frameworks/Carbon.framework/Versions/A/Frameworks/SpeechRecognition.framework/Versions/A/SpeechRecognition
0x0000000009065000 	/usr/lib/libauto.dylib
0x0000000009065000 	/usr/lib/libicucore.A.dylib
0x0000000009065000 	/usr/lib/libxml2.2.dylib
0x0000000009065000 	/System/Library/PrivateFrameworks/CoreUI.framework/Versions/A/CoreUI
0x0000000009065000 	/System/Library/Frameworks/CoreAudio.framework/Versions/A/CoreAudio
0x0000000009065000 	/System/Library/Frameworks/DiskArbitration.framework/Versions/A/DiskArbitration
0x0000000009065000 	/usr/lib/liblangid.dylib
0x0000000009065000 	/System/Library/PrivateFrameworks/MultitouchSupport.framework/Versions/A/MultitouchSupport
0x0000000009065000 	/System/Library/Frameworks/IOKit.framework/Versions/A/IOKit
0x0000000009065000 	/usr/lib/libDiagnosticMessagesClient.dylib
0x0000000009065000 	/System/Library/Frameworks/CoreServices.framework/Versions/A/CoreServices
0x0000000009065000 	/System/Library/PrivateFrameworks/PerformanceAnalysis.framework/Versions/A/PerformanceAnalysis
0x0000000009065000 	/System/Library/PrivateFrameworks/GenerationalStorage.framework/Versions/A/GenerationalStorage
0x0000000009065000 	/System/Library/Frameworks/OpenGL.framework/Versions/A/OpenGL
0x0000000009065000 	/System/Library/PrivateFrameworks/Sharing.framework/Versions/A/Sharing
0x0000000009065000 	/System/Library/Frameworks/CoreGraphics.framework/Versions/A/CoreGraphics
0x0000000009065000 	/System/Library/Frameworks/CoreText.framework/Versions/A/CoreText
0x0000000009065000 	/System/Library/Frameworks/ImageIO.framework/Versions/A/ImageIO
0x0000000009065000 	/usr/lib/libextension.dylib
0x0000000009065000 	/System/Library/PrivateFrameworks/Backup.framework/Versions/A/Backup
0x0000000009065000 	/usr/lib/libarchive.2.dylib
0x0000000009065000 	/System/Library/Frameworks/CFNetwork.framework/Versions/A/CFNetwork
0x0000000009065000 	/System/Library/Frameworks/SystemConfiguration.framework/Versions/A/SystemConfiguration
0x0000000009065000 	/usr/lib/libCRFSuite.dylib
0x0000000009065000 	/usr/lib/libc++.1.dylib
0x0000000009065000 	/usr/lib/libc++abi.dylib
0x0000000009065000 	/usr/lib/system/libcache.dylib
0x0000000009065000 	/usr/lib/system/libcommonCrypto.dylib
0x0000000009065000 	/usr/lib/system/libcompiler_rt.dylib
0x0000000009065000 	/usr/lib/system/libcopyfile.dylib
0x0000000009065000 	/usr/lib/system/libcorecrypto.dylib
0x0000000009065000 	/usr/lib/system/libdispatch.dylib
0x0000000009065000 	/usr/lib/system/libdyld.dylib
0x0000000009065000 	/usr/lib/system/libkeymgr.dylib
0x0000000009065000 	/usr/lib/system/liblaunch.dylib
0x0000000009065000 	/usr/lib/system/libmacho.dylib
0x0000000009065000 	/usr/lib/system/libquarantine.dylib
0x0000000009065000 	/usr/lib/system/libremovefile.dylib
0x0000000009065000 	/usr/lib/system/libsystem_asl.dylib
0x0000000009065000 	/usr/lib/system/libsystem_blocks.dylib
0x0000000009065000 	/usr/lib/system/libsystem_c.dylib
0x0000000009065000 	/usr/lib/system/libsystem_configuration.dylib
0x0000000009065000 	/usr/lib/system/libsystem_coreservices.dylib
0x0000000009065000 	/usr/lib/system/libsystem_coretls.dylib
0x0000000009065000 	/usr/lib/system/libsystem_dnssd.dylib
0x0000000009065000 	/usr/lib/system/libsystem_info.dylib
0x0000000009065000 	/usr/lib/system/libsystem_kernel.dylib
0x0000000009065000 	/usr/lib/system/libsystem_m.dylib
0x0000000009065000 	/usr/lib/system/libsystem_malloc.dylib
0x0000000009065000 	/usr/lib/system/libsystem_network.dylib
0x0000000009065000 	/usr/lib/system/libsystem_networkextension.dylib
0x0000000009065000 	/usr/lib/system/libsystem_notify.dylib
0x0000000009065000 	/usr/lib/system/libsystem_platform.dylib
0x0000000009065000 	/usr/lib/system/libsystem_pthread.dylib
0x0000000009065000 	/usr/lib/system/libsystem_sandbox.dylib
0x0000000009065000 	/usr/lib/system/libsystem_secinit.dylib
0x0000000009065000 	/usr/lib/system/libsystem_stats.dylib
0x0000000009065000 	/usr/lib/system/libsystem_trace.dylib
0x0000000009065000 	/usr/lib/system/libunc.dylib
0x0000000009065000 	/usr/lib/system/libunwind.dylib
0x0000000009065000 	/usr/lib/system/libxpc.dylib
0x0000000009065000 	/usr/lib/libbz2.1.0.dylib
0x0000000009065000 	/usr/lib/liblzma.5.dylib
0x0000000009065000 	/usr/lib/libbsm.0.dylib
0x0000000009065000 	/usr/lib/libsqlite3.dylib
0x0000000009065000 	/usr/lib/system/libkxld.dylib
0x0000000009065000 	/usr/lib/libxar.1.dylib
0x0000000009065000 	/usr/lib/libpam.2.dylib
0x0000000009065000 	/usr/lib/libOpenScriptingUtil.dylib
0x0000000009065000 	/System/Library/Frameworks/CoreServices.framework/Versions/A/Frameworks/FSEvents.framework/Versions/A/FSEvents
0x0000000009065000 	/System/Library/Frameworks/CoreServices.framework/Versions/A/Frameworks/CarbonCore.framework/Versions/A/CarbonCore
0x0000000009065000 	/System/Library/Frameworks/CoreServices.framework/Versions/A/Frameworks/Metadata.framework/Versions/A/Metadata
0x0000000009065000 	/System/Library/Frameworks/CoreServices.framework/Versions/A/Frameworks/OSServices.framework/Versions/A/OSServices
0x0000000009065000 	/System/Library/Frameworks/CoreServices.framework/Versions/A/Frameworks/SearchKit.framework/Versions/A/SearchKit
0x0000000009065000 	/System/Library/Frameworks/CoreServices.framework/Versions/A/Frameworks/AE.framework/Versions/A/AE
0x0000000009065000 	/System/Library/Frameworks/CoreServices.framework/Versions/A/Frameworks/LaunchServices.framework/Versions/A/LaunchServices
0x0000000009065000 	/System/Library/Frameworks/CoreServices.framework/Versions/A/Frameworks/DictionaryServices.framework/Versions/A/DictionaryServices
0x0000000009065000 	/System/Library/Frameworks/NetFS.framework/Versions/A/NetFS
0x0000000009065000 	/System/Library/PrivateFrameworks/NetAuth.framework/Versions/A/NetAuth
0x0000000009065000 	/System/Library/PrivateFrameworks/login.framework/Versions/A/Frameworks/loginsupport.framework/Versions/A/loginsupport
0x0000000009065000 	/System/Library/PrivateFrameworks/TCC.framework/Versions/A/TCC
0x0000000009065000 	/usr/lib/libmecabra.dylib
0x0000000009065000 	/System/Library/Frameworks/ApplicationServices.framework/Versions/A/Frameworks/ATS.framework/Versions/A/ATS
0x0000000009065000 	/System/Library/Frameworks/ApplicationServices.framework/Versions/A/Frameworks/ColorSync.framework/Versions/A/ColorSync
0x0000000009065000 	/System/Library/Frameworks/ApplicationServices.framework/Versions/A/Frameworks/HIServices.framework/Versions/A/HIServices
0x0000000009065000 	/System/Library/Frameworks/ApplicationServices.framework/Versions/A/Frameworks/LangAnalysis.framework/Versions/A/LangAnalysis
0x0000000009065000 	/System/Library/Frameworks/ApplicationServices.framework/Versions/A/Frameworks/PrintCore.framework/Versions/A/PrintCore
0x0000000009065000 	/System/Library/Frameworks/ApplicationServices.framework/Versions/A/Frameworks/QD.framework/Versions/A/QD
0x0000000009065000 	/System/Library/Frameworks/ApplicationServices.framework/Versions/A/Frameworks/SpeechSynthesis.framework/Versions/A/SpeechSynthesis
0x0000000009065000 	/System/Library/Frameworks/Accelerate.framework/Versions/A/Accelerate
0x0000000009065000 	/System/Library/Frameworks/Accelerate.framework/Versions/A/Frameworks/vImage.framework/Versions/A/vImage
0x0000000009065000 	/System/Library/Frameworks/Accelerate.framework/Versions/A/Frameworks/vecLib.framework/Versions/A/vecLib
0x0000000009065000 	/System/Library/Frameworks/Accelerate.framework/Versions/A/Frameworks/vecLib.framework/Versions/A/libvDSP.dylib
0x0000000009065000 	/System/Library/Frameworks/Accelerate.framework/Versions/A/Frameworks/vecLib.framework/Versions/A/libvMisc.dylib
0x0000000009065000 	/System/Library/Frameworks/Accelerate.framework/Versions/A/Frameworks/vecLib.framework/Versions/A/libLAPACK.dylib
0x0000000009065000 	/System/Library/Frameworks/Accelerate.framework/Versions/A/Frameworks/vecLib.framework/Versions/A/libBLAS.dylib
0x0000000009065000 	/System/Library/Frameworks/Accelerate.framework/Versions/A/Frameworks/vecLib.framework/Versions/A/libLinearAlgebra.dylib
0x0000000009065000 	/System/Library/Frameworks/ApplicationServices.framework/Versions/A/Frameworks/ATS.framework/Versions/A/Resources/libFontParser.dylib
0x0000000009065000 	/System/Library/Frameworks/ApplicationServices.framework/Versions/A/Frameworks/ATS.framework/Versions/A/Resources/libFontRegistry.dylib
0x0000000009065000 	/System/Library/PrivateFrameworks/AppleVPA.framework/Versions/A/AppleVPA
0x0000000009065000 	/System/Library/PrivateFrameworks/AppleJPEG.framework/Versions/A/AppleJPEG
0x0000000009065000 	/System/Library/Frameworks/ImageIO.framework/Versions/A/Resources/libJPEG.dylib
0x0000000009065000 	/System/Library/Frameworks/ImageIO.framework/Versions/A/Resources/libTIFF.dylib
0x0000000009065000 	/System/Library/Frameworks/ImageIO.framework/Versions/A/Resources/libPng.dylib
0x0000000009065000 	/System/Library/Frameworks/ImageIO.framework/Versions/A/Resources/libGIF.dylib
0x0000000009065000 	/System/Library/Frameworks/ImageIO.framework/Versions/A/Resources/libJP2.dylib
0x0000000009065000 	/System/Library/Frameworks/ImageIO.framework/Versions/A/Resources/libRadiance.dylib
0x0000000009065000 	/System/Library/Frameworks/CoreVideo.framework/Versions/A/CoreVideo
0x0000000009065000 	/System/Library/Frameworks/OpenGL.framework/Versions/A/Libraries/libGLU.dylib
0x0000000009065000 	/System/Library/Frameworks/OpenGL.framework/Versions/A/Libraries/libGFXShared.dylib
0x0000000009065000 	/System/Library/Frameworks/OpenGL.framework/Versions/A/Libraries/libGL.dylib
0x0000000009065000 	/System/Library/Frameworks/OpenGL.framework/Versions/A/Libraries/libGLImage.dylib
0x0000000009065000 	/System/Library/Frameworks/OpenGL.framework/Versions/A/Libraries/libCVMSPluginSupport.dylib
0x0000000009065000 	/System/Library/Frameworks/OpenGL.framework/Versions/A/Libraries/libCoreVMClient.dylib
0x0000000009065000 	/usr/lib/libcups.2.dylib
0x0000000009065000 	/System/Library/Frameworks/Kerberos.framework/Versions/A/Kerberos
0x0000000009065000 	/System/Library/Frameworks/GSS.framework/Versions/A/GSS
0x0000000009065000 	/usr/lib/libresolv.9.dylib
0x0000000009065000 	/usr/lib/libiconv.2.dylib
0x0000000009065000 	/System/Library/PrivateFrameworks/Heimdal.framework/Versions/A/Heimdal
0x0000000009065000 	/usr/lib/libheimdal-asn1.dylib
0x0000000009065000 	/System/Library/Frameworks/OpenDirectory.framework/Versions/A/OpenDirectory
0x0000000009065000 	/System/Library/PrivateFrameworks/CommonAuth.framework/Versions/A/CommonAuth
0x0000000009065000 	/System/Library/Frameworks/OpenDirectory.framework/Versions/A/Frameworks/CFOpenDirectory.framework/Versions/A/CFOpenDirectory
0x0000000009065000 	/System/Library/Frameworks/SecurityFoundation.framework/Versions/A/SecurityFoundation
0x0000000009065000 	/System/Library/PrivateFrameworks/LanguageModeling.framework/Versions/A/LanguageModeling
0x0000000009065000 	/usr/lib/libcmph.dylib
0x0000000009065000 	/System/Library/Frameworks/ServiceManagement.framework/Versions/A/ServiceManagement
0x0000000009065000 	/usr/lib/libxslt.1.dylib
0x0000000009065000 	/System/Library/Frameworks/Carbon.framework/Versions/A/Frameworks/Ink.framework/Versions/A/Ink
0x0000000009065000 	/System/Library/Frameworks/QuartzCore.framework/Versions/A/Frameworks/CoreImage.framework/Versions/A/CoreImage
0x0000000009065000 	/System/Library/PrivateFrameworks/CrashReporterSupport.framework/Versions/A/CrashReporterSupport
0x0000000009065000 	/System/Library/Frameworks/OpenCL.framework/Versions/A/OpenCL
0x0000000009065000 	/System/Library/PrivateFrameworks/FaceCore.framework/Versions/A/FaceCore
0x0000000009065000 	/System/Library/PrivateFrameworks/Ubiquity.framework/Versions/A/Ubiquity
0x0000000009065000 	/System/Library/PrivateFrameworks/IconServices.framework/Versions/A/IconServices
0x0000000009065000 	/System/Library/PrivateFrameworks/ChunkingLibrary.framework/Versions/A/ChunkingLibrary
0x0000000009065000 	/System/Library/PrivateFrameworks/Apple80211.framework/Versions/A/Apple80211
0x0000000009065000 	/System/Library/Frameworks/CoreWLAN.framework/Versions/A/CoreWLAN
0x0000000009065000 	/System/Library/Frameworks/IOBluetooth.framework/Versions/A/IOBluetooth
0x0000000009065000 	/System/Library/PrivateFrameworks/CoreWiFi.framework/Versions/A/CoreWiFi
0x0000000009065000 	/System/Library/Frameworks/CoreBluetooth.framework/Versions/A/CoreBluetooth
0x0000000009065000 	/System/Library/PrivateFrameworks/DebugSymbols.framework/Versions/A/DebugSymbols
0x0000000009065000 	/System/Library/PrivateFrameworks/CoreSymbolication.framework/Versions/A/CoreSymbolication
0x0000000009065000 	/System/Library/PrivateFrameworks/Symbolication.framework/Versions/A/Symbolication
0x0000000009065000 	/System/Library/PrivateFrameworks/SpeechRecognitionCore.framework/Versions/A/SpeechRecognitionCore
0x000000010b600000 	/Library/Java/JavaVirtualMachines/jdk1.8.0_51.jdk/Contents/Home/jre/lib/server/libjvm.dylib
0x0000000009065000 	/usr/lib/libstdc++.6.dylib
0x000000010a58e000 	/Library/Java/JavaVirtualMachines/jdk1.8.0_51.jdk/Contents/Home/jre/lib/libverify.dylib
0x000000010a59c000 	/Library/Java/JavaVirtualMachines/jdk1.8.0_51.jdk/Contents/Home/jre/lib/libjava.dylib
0x000000010a5db000 	/Library/Java/JavaVirtualMachines/jdk1.8.0_51.jdk/Contents/Home/jre/lib/libzip.dylib
0x000000010a5e5000 	/System/Library/Frameworks/JavaVM.framework/Frameworks/JavaRuntimeSupport.framework/JavaRuntimeSupport
0x0000000128243000 	/System/Library/Frameworks/JavaVM.framework/Versions/A/Frameworks/JavaNativeFoundation.framework/Versions/A/JavaNativeFoundation
0x0000000128258000 	/System/Library/Frameworks/JavaVM.framework/Versions/A/JavaVM
0x0000000009065000 	/System/Library/Frameworks/Carbon.framework/Versions/A/Carbon
0x0000000128265000 	/System/Library/PrivateFrameworks/JavaLaunching.framework/Versions/A/JavaLaunching
0x0000000009065000 	/System/Library/Frameworks/Carbon.framework/Versions/A/Frameworks/CommonPanels.framework/Versions/A/CommonPanels
0x0000000009065000 	/System/Library/Frameworks/Carbon.framework/Versions/A/Frameworks/Help.framework/Versions/A/Help
0x0000000009065000 	/System/Library/Frameworks/Carbon.framework/Versions/A/Frameworks/ImageCapture.framework/Versions/A/ImageCapture
0x0000000009065000 	/System/Library/Frameworks/Carbon.framework/Versions/A/Frameworks/OpenScripting.framework/Versions/A/OpenScripting
0x0000000009065000 	/System/Library/Frameworks/Carbon.framework/Versions/A/Frameworks/Print.framework/Versions/A/Print
0x0000000009065000 	/System/Library/Frameworks/Carbon.framework/Versions/A/Frameworks/SecurityHI.framework/Versions/A/SecurityHI
0x000000012a438000 	/Library/Java/JavaVirtualMachines/jdk1.8.0_51.jdk/Contents/Home/jre/lib/libprism_es2.dylib
0x0000000009065000 	/System/Library/Frameworks/OpenGL.framework/Versions/A/Resources/GLEngine.bundle/GLEngine
0x0000000009065000 	/System/Library/Frameworks/OpenGL.framework/Versions/A/Libraries/libGLProgrammability.dylib
0x000000012a4ba000 	/System/Library/Extensions/AppleIntelHD5000GraphicsGLDriver.bundle/Contents/MacOS/AppleIntelHD5000GraphicsGLDriver
0x0000000009065000 	/System/Library/PrivateFrameworks/IOAccelerator.framework/Versions/A/IOAccelerator
0x0000000009065000 	/System/Library/PrivateFrameworks/GPUSupport.framework/Versions/A/Libraries/libGPUSupportMercury.dylib
0x000000012aba6000 	/System/Library/Extensions/AMDRadeonX4000GLDriver.bundle/Contents/MacOS/AMDRadeonX4000GLDriver
0x0000000009065000 	/System/Library/Frameworks/OpenGL.framework/Versions/A/Resources/GLRendererFloat.bundle/GLRendererFloat
0x0000000009065000 	/System/Library/Frameworks/OpenCL.framework/Versions/A/Libraries/libcldcpuengine.dylib
0x0000000009065000 	/System/Library/PrivateFrameworks/DiskImages.framework/Versions/A/DiskImages
0x0000000009065000 	/System/Library/Frameworks/DiscRecording.framework/Versions/A/DiscRecording
0x0000000009065000 	/usr/lib/libcsfde.dylib
0x0000000009065000 	/usr/lib/libcurl.4.dylib
0x0000000009065000 	/System/Library/PrivateFrameworks/MediaKit.framework/Versions/A/MediaKit
0x0000000009065000 	/System/Library/PrivateFrameworks/ProtectedCloudStorage.framework/Versions/A/ProtectedCloudStorage
0x0000000009065000 	/usr/lib/libCoreStorage.dylib
0x0000000009065000 	/System/Library/PrivateFrameworks/EFILogin.framework/Versions/A/EFILogin
0x0000000009065000 	/usr/lib/libutil.dylib
0x0000000009065000 	/System/Library/PrivateFrameworks/FindMyDevice.framework/Versions/A/FindMyDevice
0x0000000009065000 	/System/Library/Frameworks/LDAP.framework/Versions/A/LDAP
0x0000000009065000 	/usr/lib/libsasl2.2.dylib
0x0000000009065000 	/System/Library/PrivateFrameworks/CoreDaemon.framework/Versions/B/CoreDaemon
0x0000000009065000 	/usr/lib/libcrypto.0.9.8.dylib
0x0000000009065000 	/System/Library/PrivateFrameworks/AppleSRP.framework/Versions/A/AppleSRP
0x0000000009065000 	/System/Library/PrivateFrameworks/TrustEvaluationAgent.framework/Versions/A/TrustEvaluationAgent
0x000000012b0b4000 	/Library/Java/JavaVirtualMachines/jdk1.8.0_51.jdk/Contents/Home/jre/lib/libglass.dylib
0x0000000009065000 	/System/Library/PrivateFrameworks/CoreServicesInternal.framework/Versions/A/CoreServicesInternal
0x0000000009065000 	/System/Library/PrivateFrameworks/CloudDocs.framework/Versions/A/CloudDocs
0x0000000009065000 	/System/Library/PrivateFrameworks/CoreDuet.framework/Versions/A/CoreDuet
0x0000000009065000 	/System/Library/Frameworks/CloudKit.framework/Versions/A/CloudKit
0x0000000009065000 	/System/Library/PrivateFrameworks/ProtocolBuffer.framework/Versions/A/ProtocolBuffer
0x0000000009065000 	/System/Library/PrivateFrameworks/CoreDuetDaemonProtocol.framework/Versions/A/CoreDuetDaemonProtocol
0x0000000009065000 	/System/Library/PrivateFrameworks/CoreDuetDebugLogging.framework/Versions/A/CoreDuetDebugLogging
0x0000000009065000 	/System/Library/PrivateFrameworks/MMCS.framework/Versions/A/MMCS
0x0000000009065000 	/System/Library/Frameworks/CoreLocation.framework/Versions/A/CoreLocation
0x0000000009065000 	/System/Library/PrivateFrameworks/GeoServices.framework/Versions/A/GeoServices
0x0000000009065000 	/System/Library/Frameworks/CoreGraphics.framework/Versions/A/Resources/libCGCMS.A.dylib
0x0000000009065000 	/System/Library/CoreServices/RawCamera.bundle/Contents/MacOS/RawCamera
0x0000000009065000 	/System/Library/Frameworks/CoreGraphics.framework/Versions/A/Resources/libRIP.A.dylib
0x0000000009065000 	/System/Library/PrivateFrameworks/FamilyControls.framework/Versions/A/FamilyControls
0x0000000009065000 	/System/Library/PrivateFrameworks/CommerceKit.framework/Versions/A/Frameworks/CommerceCore.framework/Versions/A/CommerceCore
0x0000000009065000 	/System/Library/PrivateFrameworks/SystemAdministration.framework/Versions/A/SystemAdministration
0x0000000009065000 	/System/Library/PrivateFrameworks/AppContainer.framework/Versions/A/AppContainer
0x0000000009065000 	/System/Library/PrivateFrameworks/SecCodeWrapper.framework/Versions/A/SecCodeWrapper
0x0000000009065000 	/System/Library/Frameworks/DirectoryService.framework/Versions/A/DirectoryService
0x0000000009065000 	/System/Library/PrivateFrameworks/LoginUIKit.framework/Versions/A/Frameworks/LoginUICore.framework/Versions/A/LoginUICore
0x0000000009065000 	/usr/lib/libodfde.dylib

VM Arguments:
jvm_args: -Dfile.encoding=UTF-8 
java_command: no.hal.javafx.fxmlapp.lib.FxmlApplication --fxml=/Users/hal/java/git/tdt4100-2017/foreksempel/Users/hal/java/git/tdt4100-2017/foreksempel/src/counter/DownCounter.fxml
java_class_path (initial): /Users/hal/java/git/tdt4100-2017/foreksempel/bin:/Users/hal/java/git/tdt4100-2017/foreksempel/libs/no.hal.javafx.fxmlapp.lib_0.0.1.201612191042.jar
Launcher Type: SUN_STANDARD

Environment Variables:
PATH=/usr/bin:/bin:/usr/sbin:/sbin
SHELL=/bin/bash

Signal Handlers:
SIGSEGV: [libjvm.dylib+0x58ef35], sa_mask[0]=11111111011111110111111111111111, sa_flags=SA_ONSTACK|SA_RESTART|SA_SIGINFO
SIGBUS: [libjvm.dylib+0x58ef35], sa_mask[0]=11111111011111110111111111111111, sa_flags=SA_RESTART|SA_SIGINFO
SIGFPE: [libjvm.dylib+0x46c028], sa_mask[0]=11111111011111110111111111111111, sa_flags=SA_RESTART|SA_SIGINFO
SIGPIPE: [libjvm.dylib+0x46c028], sa_mask[0]=11111111011111110111111111111111, sa_flags=SA_RESTART|SA_SIGINFO
SIGXFSZ: [libjvm.dylib+0x46c028], sa_mask[0]=11111111011111110111111111111111, sa_flags=SA_RESTART|SA_SIGINFO
SIGILL: [libjvm.dylib+0x46c028], sa_mask[0]=11111111011111110111111111111111, sa_flags=SA_RESTART|SA_SIGINFO
SIGUSR1: SIG_DFL, sa_mask[0]=00000000000000000000000000000000, sa_flags=none
SIGUSR2: [libjvm.dylib+0x46bb46], sa_mask[0]=00100000000000000000000000000000, sa_flags=SA_RESTART|SA_SIGINFO
SIGHUP: [libjvm.dylib+0x46a119], sa_mask[0]=11111111011111110111111111111111, sa_flags=SA_RESTART|SA_SIGINFO
SIGINT: [libjvm.dylib+0x46a119], sa_mask[0]=11111111011111110111111111111111, sa_flags=SA_RESTART|SA_SIGINFO
SIGTERM: [libjvm.dylib+0x46a119], sa_mask[0]=11111111011111110111111111111111, sa_flags=SA_RESTART|SA_SIGINFO
SIGQUIT: [libjvm.dylib+0x46a119], sa_mask[0]=11111111011111110111111111111111, sa_flags=SA_RESTART|SA_SIGINFO


---------------  S Y S T E M  ---------------

OS:Bsduname:Darwin 14.5.0 Darwin Kernel Version 14.5.0: Sun Sep 25 22:07:15 PDT 2016; root:xnu-2782.50.9~1/RELEASE_X86_64 x86_64
rlimit: STACK 8192k, CORE 0k, NPROC 709, NOFILE 10240, AS infinity
load average:1.67 1.81 1.76

CPU:total 8 (4 cores per cpu, 2 threads per core) family 6 model 70 stepping 1, cmov, cx8, fxsr, mmx, sse, sse2, sse3, ssse3, sse4.1, sse4.2, popcnt, avx, avx2, aes, clmul, erms, lzcnt, ht, tsc, tscinvbit, bmi1, bmi2

Memory: 4k page, physical 16777216k(3586912k free)

/proc/meminfo:


vm_info: Java HotSpot(TM) 64-Bit Server VM (25.51-b03) for bsd-amd64 JRE (1.8.0_51-b16), built on Jun  8 2015 18:01:11 by "java_re" with gcc 4.2.1 (Based on Apple Inc. build 5658) (LLVM build 2336.11.00)

time: Wed Jan  4 13:20:01 2017
elapsed time: 0 seconds (0d 0h 0m 0s)

